  [1m[35m (0.1ms)[0m  [1m[34mSELECT sqlite_version(*)[0m
  ↳ bin/rails:9
  [1m[35m (2.0ms)[0m  [1m[35mCREATE TABLE "schema_migrations" ("version" varchar NOT NULL PRIMARY KEY)[0m
  ↳ bin/rails:9
  [1m[35m (2.0ms)[0m  [1m[35mCREATE TABLE "ar_internal_metadata" ("key" varchar NOT NULL PRIMARY KEY, "value" varchar, "created_at" datetime NOT NULL, "updated_at" datetime NOT NULL)[0m
  ↳ bin/rails:9
  [1m[35m (0.2ms)[0m  [1m[34mSELECT "schema_migrations"."version" FROM "schema_migrations" ORDER BY "schema_migrations"."version" ASC[0m
  ↳ bin/rails:9
Migrating to CreateUsers (20210625164516)
  [1m[35m (0.0ms)[0m  [1m[36mbegin transaction[0m
  ↳ bin/rails:9
  [1m[35m (0.9ms)[0m  [1m[35mCREATE TABLE "users" ("id" integer PRIMARY KEY AUTOINCREMENT NOT NULL, "username" varchar NOT NULL, "password_digest" varchar NOT NULL, "session_token" varchar NOT NULL, "created_at" datetime NOT NULL, "updated_at" datetime NOT NULL)[0m
  ↳ db/migrate/20210625164516_create_users.rb:3
  [1m[35m (0.1ms)[0m  [1m[35mCREATE UNIQUE INDEX "index_users_on_username" ON "users" ("username")[0m
  ↳ db/migrate/20210625164516_create_users.rb:10
  [1m[35m (0.1ms)[0m  [1m[35mCREATE UNIQUE INDEX "index_users_on_session_token" ON "users" ("session_token")[0m
  ↳ db/migrate/20210625164516_create_users.rb:11
  [1m[36mActiveRecord::SchemaMigration Create (0.1ms)[0m  [1m[32mINSERT INTO "schema_migrations" ("version") VALUES (?)[0m  [["version", "20210625164516"]]
  ↳ bin/rails:9
  [1m[35m (1.4ms)[0m  [1m[36mcommit transaction[0m
  ↳ bin/rails:9
  [1m[36mActiveRecord::InternalMetadata Load (0.2ms)[0m  [1m[34mSELECT  "ar_internal_metadata".* FROM "ar_internal_metadata" WHERE "ar_internal_metadata"."key" = ? LIMIT ?[0m  [["key", "environment"], ["LIMIT", 1]]
  ↳ bin/rails:9
  [1m[35m (0.1ms)[0m  [1m[36mbegin transaction[0m
  ↳ bin/rails:9
  [1m[36mActiveRecord::InternalMetadata Create (0.9ms)[0m  [1m[32mINSERT INTO "ar_internal_metadata" ("key", "value", "created_at", "updated_at") VALUES (?, ?, ?, ?)[0m  [["key", "environment"], ["value", "development"], ["created_at", "2021-06-25 16:46:51.129784"], ["updated_at", "2021-06-25 16:46:51.129784"]]
  ↳ bin/rails:9
  [1m[35m (1.4ms)[0m  [1m[36mcommit transaction[0m
  ↳ bin/rails:9
  [1m[35m (0.4ms)[0m  [1m[34mSELECT "schema_migrations"."version" FROM "schema_migrations" ORDER BY "schema_migrations"."version" ASC[0m
  ↳ bin/rails:9
  [1m[35m (0.2ms)[0m  [1m[34mSELECT "schema_migrations"."version" FROM "schema_migrations" ORDER BY "schema_migrations"."version" ASC[0m
  ↳ /home/kevin/.rbenv/versions/2.5.1/bin/annotate:23
Started GET "/users/new" for ::1 at 2021-06-25 13:14:24 -0400
  [1m[35m (0.2ms)[0m  [1m[34mSELECT "schema_migrations"."version" FROM "schema_migrations" ORDER BY "schema_migrations"."version" ASC[0m
  ↳ /home/kevin/.rbenv/versions/2.5.1/lib/ruby/gems/2.5.0/gems/activerecord-5.2.6/lib/active_record/log_subscriber.rb:98
Processing by UsersController#new as HTML
Completed 500 Internal Server Error in 43ms (ActiveRecord: 0.7ms)



ActionView::MissingTemplate - Missing template users/new, application/new with {:locale=>[:en], :formats=>[:html], :variants=>[], :handlers=>[:raw, :erb, :html, :builder, :ruby, :coffee, :jbuilder]}. Searched in:
  * "/home/kevin/App_Academy/AAClasswork/W7D5/reddit_clone/app/views":
  app/controllers/users_controller.rb:14:in `new'

Started POST "/__better_errors/566de54672c688d9/variables" for ::1 at 2021-06-25 13:14:24 -0400
Started GET "/users/new" for ::1 at 2021-06-25 13:28:27 -0400
  [1m[35m (0.2ms)[0m  [1m[34mSELECT "schema_migrations"."version" FROM "schema_migrations" ORDER BY "schema_migrations"."version" ASC[0m
  ↳ /home/kevin/.rbenv/versions/2.5.1/lib/ruby/gems/2.5.0/gems/activerecord-5.2.6/lib/active_record/log_subscriber.rb:98
Processing by UsersController#new as HTML
  Rendering users/new.html.erb within layouts/application
  Rendered users/new.html.erb within layouts/application (6.3ms)
Completed 200 OK in 1415ms (Views: 1405.2ms | ActiveRecord: 0.7ms)


Started GET "/users/new" for ::1 at 2021-06-25 13:29:24 -0400
  [1m[35m (0.2ms)[0m  [1m[34mSELECT "schema_migrations"."version" FROM "schema_migrations" ORDER BY "schema_migrations"."version" ASC[0m
  ↳ /home/kevin/.rbenv/versions/2.5.1/lib/ruby/gems/2.5.0/gems/activerecord-5.2.6/lib/active_record/log_subscriber.rb:98
Processing by UsersController#new as HTML
  Rendering users/new.html.erb within layouts/application
  Rendered users/new.html.erb within layouts/application (1.0ms)
Completed 200 OK in 507ms (Views: 495.5ms | ActiveRecord: 0.9ms)


Started GET "/users/new" for ::1 at 2021-06-25 13:29:26 -0400
Processing by UsersController#new as HTML
  Rendering users/new.html.erb within layouts/application
  Rendered users/new.html.erb within layouts/application (0.5ms)
Completed 200 OK in 19ms (Views: 19.0ms | ActiveRecord: 0.0ms)


Started POST "/users" for ::1 at 2021-06-25 13:29:31 -0400
Processing by UsersController#create as HTML
  Parameters: {"user"=>{"username"=>"kevin", "password"=>"[FILTERED]"}}
Can't verify CSRF token authenticity.
Completed 422 Unprocessable Entity in 1ms (ActiveRecord: 0.0ms)



ActionController::InvalidAuthenticityToken - ActionController::InvalidAuthenticityToken:

Started POST "/__better_errors/15e1538e39f27f63/variables" for ::1 at 2021-06-25 13:29:31 -0400
Started GET "/users/new" for ::1 at 2021-06-25 13:30:37 -0400
Processing by UsersController#new as HTML
  Rendering users/new.html.erb within layouts/application
  Rendered users/new.html.erb within layouts/application (0.5ms)
Completed 200 OK in 28ms (Views: 27.5ms | ActiveRecord: 0.0ms)


Started POST "/users" for ::1 at 2021-06-25 13:30:56 -0400
Processing by UsersController#create as HTML
  Parameters: {"authenticity_token"=>"ixFdpoQTKrFG9UlbCzCXBRrzUS0cd6i4aiKd1CP4l7qDqciz1p4chmDcXm0nRNn4s+BWCyxeE16ii3XLaRhUyg==", "user"=>{"username"=>"kevin", "password"=>"[FILTERED]"}}
  [1m[35m (0.1ms)[0m  [1m[36mbegin transaction[0m
  ↳ app/controllers/users_controller.rb:22
  [1m[36mUser Exists (0.2ms)[0m  [1m[34mSELECT  1 AS one FROM "users" WHERE "users"."username" = ? LIMIT ?[0m  [["username", "kevin"], ["LIMIT", 1]]
  ↳ app/controllers/users_controller.rb:22
  [1m[36mUser Exists (0.1ms)[0m  [1m[34mSELECT  1 AS one FROM "users" WHERE "users"."session_token" = ? LIMIT ?[0m  [["session_token", "Me568RSHbaPwes6YHH7kTQ"], ["LIMIT", 1]]
  ↳ app/controllers/users_controller.rb:22
  [1m[36mUser Create (0.8ms)[0m  [1m[32mINSERT INTO "users" ("username", "password_digest", "session_token", "created_at", "updated_at") VALUES (?, ?, ?, ?, ?)[0m  [["username", "kevin"], ["password_digest", "$2a$12$HLD3dEXp7kQBOjFRrMBi8.NN2ercDGkIYzQzgng0mHkJYogzFPPCO"], ["session_token", "Me568RSHbaPwes6YHH7kTQ"], ["created_at", "2021-06-25 17:30:56.230775"], ["updated_at", "2021-06-25 17:30:56.230775"]]
  ↳ app/controllers/users_controller.rb:22
  [1m[35m (22.3ms)[0m  [1m[36mcommit transaction[0m
  ↳ app/controllers/users_controller.rb:22
  [1m[35m (0.1ms)[0m  [1m[36mbegin transaction[0m
  ↳ app/models/user.rb:42
  [1m[36mUser Exists (0.3ms)[0m  [1m[34mSELECT  1 AS one FROM "users" WHERE "users"."username" = ? AND "users"."id" != ? LIMIT ?[0m  [["username", "kevin"], ["id", 1], ["LIMIT", 1]]
  ↳ app/models/user.rb:42
  [1m[36mUser Exists (0.1ms)[0m  [1m[34mSELECT  1 AS one FROM "users" WHERE "users"."session_token" = ? AND "users"."id" != ? LIMIT ?[0m  [["session_token", "J-GIsmDz_OxN-wWt_Izv5g"], ["id", 1], ["LIMIT", 1]]
  ↳ app/models/user.rb:42
  [1m[36mUser Update (0.7ms)[0m  [1m[33mUPDATE "users" SET "session_token" = ?, "updated_at" = ? WHERE "users"."id" = ?[0m  [["session_token", "J-GIsmDz_OxN-wWt_Izv5g"], ["updated_at", "2021-06-25 17:30:56.267455"], ["id", 1]]
  ↳ app/models/user.rb:42
  [1m[35m (1.2ms)[0m  [1m[36mcommit transaction[0m
  ↳ app/models/user.rb:42
Redirected to http://localhost:3000/users
Completed 302 Found in 255ms (ActiveRecord: 25.9ms)


Started GET "/users" for ::1 at 2021-06-25 13:30:56 -0400
Processing by UsersController#index as HTML
  [1m[36mUser Load (0.2ms)[0m  [1m[34mSELECT  "users".* FROM "users" WHERE "users"."session_token" = ? LIMIT ?[0m  [["session_token", "J-GIsmDz_OxN-wWt_Izv5g"], ["LIMIT", 1]]
  ↳ app/controllers/application_controller.rb:4
Completed 500 Internal Server Error in 12ms (ActiveRecord: 0.2ms)



ActionView::MissingTemplate - Missing template users/index, application/index with {:locale=>[:en], :formats=>[:html], :variants=>[], :handlers=>[:raw, :erb, :html, :builder, :ruby, :coffee, :jbuilder]}. Searched in:
  * "/home/kevin/App_Academy/AAClasswork/W7D5/reddit_clone/app/views":
  app/controllers/users_controller.rb:6:in `index'

Started POST "/__better_errors/f4fd7a8afadf5bc3/variables" for ::1 at 2021-06-25 13:30:56 -0400
  [1m[36mUser Load (0.2ms)[0m  [1m[34mSELECT  "users".* FROM "users" LIMIT ?[0m  [["LIMIT", 11]]
  ↳ /home/kevin/.rbenv/versions/2.5.1/lib/ruby/gems/2.5.0/gems/activerecord-5.2.6/lib/active_record/log_subscriber.rb:98
  [1m[36mCACHE User Load (0.0ms)[0m  [1m[34mSELECT  "users".* FROM "users" LIMIT ?[0m  [["LIMIT", 11]]
  ↳ /home/kevin/.rbenv/versions/2.5.1/lib/ruby/gems/2.5.0/gems/activerecord-5.2.6/lib/active_record/log_subscriber.rb:98
  [1m[36mUser Load (0.9ms)[0m  [1m[34mSELECT "users".* FROM "users"[0m
Started GET "/users" for ::1 at 2021-06-25 13:35:47 -0400
Processing by UsersController#index as HTML
  [1m[36mUser Load (0.2ms)[0m  [1m[34mSELECT  "users".* FROM "users" WHERE "users"."session_token" = ? LIMIT ?[0m  [["session_token", "J-GIsmDz_OxN-wWt_Izv5g"], ["LIMIT", 1]]
  ↳ app/controllers/application_controller.rb:4
  Rendering users/index.html.erb within layouts/application
  [1m[36mUser Load (0.2ms)[0m  [1m[34mSELECT "users".* FROM "users"[0m
  ↳ app/views/users/index.html.erb:5
  Rendered users/index.html.erb within layouts/application (1.8ms)
Completed 200 OK in 30ms (Views: 25.8ms | ActiveRecord: 0.5ms)


Started GET "/users/1" for ::1 at 2021-06-25 13:35:48 -0400
Processing by UsersController#show as HTML
  Parameters: {"id"=>"1"}
  [1m[36mUser Load (0.2ms)[0m  [1m[34mSELECT  "users".* FROM "users" WHERE "users"."session_token" = ? LIMIT ?[0m  [["session_token", "J-GIsmDz_OxN-wWt_Izv5g"], ["LIMIT", 1]]
  ↳ app/controllers/application_controller.rb:4
  [1m[36mUser Load (0.2ms)[0m  [1m[34mSELECT  "users".* FROM "users" WHERE "users"."id" = ? LIMIT ?[0m  [["id", 1], ["LIMIT", 1]]
  ↳ app/controllers/users_controller.rb:10
Completed 500 Internal Server Error in 6ms (ActiveRecord: 0.4ms)



ActionView::MissingTemplate - Missing template users/show, application/show with {:locale=>[:en], :formats=>[:html], :variants=>[], :handlers=>[:raw, :erb, :html, :builder, :ruby, :coffee, :jbuilder]}. Searched in:
  * "/home/kevin/App_Academy/AAClasswork/W7D5/reddit_clone/app/views":
  app/controllers/users_controller.rb:11:in `show'

Started POST "/__better_errors/809531b548a020b5/variables" for ::1 at 2021-06-25 13:35:48 -0400
Started GET "/users/1" for ::1 at 2021-06-25 13:35:50 -0400
Processing by UsersController#show as HTML
  Parameters: {"id"=>"1"}
  [1m[36mUser Load (0.2ms)[0m  [1m[34mSELECT  "users".* FROM "users" WHERE "users"."session_token" = ? LIMIT ?[0m  [["session_token", "J-GIsmDz_OxN-wWt_Izv5g"], ["LIMIT", 1]]
  ↳ app/controllers/application_controller.rb:4
  [1m[36mUser Load (0.2ms)[0m  [1m[34mSELECT  "users".* FROM "users" WHERE "users"."id" = ? LIMIT ?[0m  [["id", 1], ["LIMIT", 1]]
  ↳ app/controllers/users_controller.rb:10
Completed 500 Internal Server Error in 5ms (ActiveRecord: 0.3ms)



ActionView::MissingTemplate - Missing template users/show, application/show with {:locale=>[:en], :formats=>[:html], :variants=>[], :handlers=>[:raw, :erb, :html, :builder, :ruby, :coffee, :jbuilder]}. Searched in:
  * "/home/kevin/App_Academy/AAClasswork/W7D5/reddit_clone/app/views":
  app/controllers/users_controller.rb:11:in `show'

Started POST "/__better_errors/09f0fdc0a2a94cd0/variables" for ::1 at 2021-06-25 13:35:50 -0400
Started GET "/users/1" for ::1 at 2021-06-25 13:37:28 -0400
Processing by UsersController#show as HTML
  Parameters: {"id"=>"1"}
  [1m[36mUser Load (0.2ms)[0m  [1m[34mSELECT  "users".* FROM "users" WHERE "users"."session_token" = ? LIMIT ?[0m  [["session_token", "J-GIsmDz_OxN-wWt_Izv5g"], ["LIMIT", 1]]
  ↳ app/controllers/application_controller.rb:4
  [1m[36mUser Load (0.2ms)[0m  [1m[34mSELECT  "users".* FROM "users" WHERE "users"."id" = ? LIMIT ?[0m  [["id", 1], ["LIMIT", 1]]
  ↳ app/controllers/users_controller.rb:10
  Rendering users/show.html.erb within layouts/application
  Rendered users/show.html.erb within layouts/application (0.3ms)
Completed 200 OK in 30ms (Views: 26.0ms | ActiveRecord: 0.4ms)


Started GET "/users/1" for ::1 at 2021-06-25 13:45:43 -0400
Processing by UsersController#show as HTML
  Parameters: {"id"=>"1"}
  [1m[36mUser Load (0.3ms)[0m  [1m[34mSELECT  "users".* FROM "users" WHERE "users"."session_token" = ? LIMIT ?[0m  [["session_token", "J-GIsmDz_OxN-wWt_Izv5g"], ["LIMIT", 1]]
  ↳ app/controllers/application_controller.rb:6
  [1m[36mUser Load (0.2ms)[0m  [1m[34mSELECT  "users".* FROM "users" WHERE "users"."id" = ? LIMIT ?[0m  [["id", 1], ["LIMIT", 1]]
  ↳ app/controllers/users_controller.rb:10
  Rendering users/show.html.erb within layouts/application
  Rendered users/show.html.erb within layouts/application (0.3ms)
Completed 200 OK in 56ms (Views: 43.5ms | ActiveRecord: 1.9ms)


Started DELETE "/session" for ::1 at 2021-06-25 13:45:45 -0400
Processing by SessionsController#destroy as HTML
  Parameters: {"authenticity_token"=>"WDAHPKPAg1zucCagFVD9MLMufrsxq3t6syR/fDlqp6FQiJIp8U21a8hZMZY5JLPNGj15nQGCwJx7jZdjc4pk0Q=="}
  [1m[36mUser Load (0.2ms)[0m  [1m[34mSELECT  "users".* FROM "users" WHERE "users"."session_token" = ? LIMIT ?[0m  [["session_token", "J-GIsmDz_OxN-wWt_Izv5g"], ["LIMIT", 1]]
  ↳ app/controllers/application_controller.rb:6
  [1m[35m (0.0ms)[0m  [1m[36mbegin transaction[0m
  ↳ app/models/user.rb:42
  [1m[36mUser Exists (0.2ms)[0m  [1m[34mSELECT  1 AS one FROM "users" WHERE "users"."username" = ? AND "users"."id" != ? LIMIT ?[0m  [["username", "kevin"], ["id", 1], ["LIMIT", 1]]
  ↳ app/models/user.rb:42
  [1m[36mUser Exists (0.1ms)[0m  [1m[34mSELECT  1 AS one FROM "users" WHERE "users"."session_token" = ? AND "users"."id" != ? LIMIT ?[0m  [["session_token", "7f-zgQEq0QZaCyn9My15MQ"], ["id", 1], ["LIMIT", 1]]
  ↳ app/models/user.rb:42
  [1m[36mUser Update (0.8ms)[0m  [1m[33mUPDATE "users" SET "session_token" = ?, "updated_at" = ? WHERE "users"."id" = ?[0m  [["session_token", "7f-zgQEq0QZaCyn9My15MQ"], ["updated_at", "2021-06-25 17:45:45.328980"], ["id", 1]]
  ↳ app/models/user.rb:42
  [1m[35m (14.5ms)[0m  [1m[36mcommit transaction[0m
  ↳ app/models/user.rb:42
Redirected to http://localhost:3000/session/new
Completed 302 Found in 27ms (ActiveRecord: 15.8ms)


Started GET "/session/new" for ::1 at 2021-06-25 13:45:45 -0400
Processing by SessionsController#new as HTML
Completed 500 Internal Server Error in 3ms (ActiveRecord: 0.0ms)



ActionView::MissingTemplate - Missing template sessions/new, application/new with {:locale=>[:en], :formats=>[:html], :variants=>[], :handlers=>[:raw, :erb, :html, :builder, :ruby, :coffee, :jbuilder]}. Searched in:
  * "/home/kevin/App_Academy/AAClasswork/W7D5/reddit_clone/app/views":
  app/controllers/sessions_controller.rb:6:in `new'

Started POST "/__better_errors/5b64238a9f8ae4d4/variables" for ::1 at 2021-06-25 13:45:45 -0400
Started GET "/session/new" for ::1 at 2021-06-25 13:47:51 -0400
Processing by SessionsController#new as HTML
  Rendering sessions/new.html.erb within layouts/application
  Rendered sessions/new.html.erb within layouts/application (0.5ms)
Completed 200 OK in 30ms (Views: 28.7ms | ActiveRecord: 0.0ms)


Started POST "/session" for ::1 at 2021-06-25 13:47:58 -0400
Processing by SessionsController#create as HTML
  Parameters: {"authenticity_token"=>"kiZg41ZKMHfJzex/R3un9Ch+gcrW5DligbYicktsDHianvX2BMcGQO/k+0lrD+kJgW2G7ObNgoRJH8ptAYzPCA==", "user"=>{"username"=>"kevin", "password"=>"[FILTERED]"}}
  [1m[36mUser Load (0.2ms)[0m  [1m[34mSELECT  "users".* FROM "users" WHERE "users"."username" = ? LIMIT ?[0m  [["username", "kevin"], ["LIMIT", 1]]
  ↳ app/models/user.rb:21
  [1m[35m (0.1ms)[0m  [1m[36mbegin transaction[0m
  ↳ app/models/user.rb:42
  [1m[36mUser Exists (0.3ms)[0m  [1m[34mSELECT  1 AS one FROM "users" WHERE "users"."username" = ? AND "users"."id" != ? LIMIT ?[0m  [["username", "kevin"], ["id", 1], ["LIMIT", 1]]
  ↳ app/models/user.rb:42
  [1m[36mUser Exists (0.1ms)[0m  [1m[34mSELECT  1 AS one FROM "users" WHERE "users"."session_token" = ? AND "users"."id" != ? LIMIT ?[0m  [["session_token", "-fCeGXZSSdB8gzMhfxMBSQ"], ["id", 1], ["LIMIT", 1]]
  ↳ app/models/user.rb:42
  [1m[36mUser Update (0.7ms)[0m  [1m[33mUPDATE "users" SET "session_token" = ?, "updated_at" = ? WHERE "users"."id" = ?[0m  [["session_token", "-fCeGXZSSdB8gzMhfxMBSQ"], ["updated_at", "2021-06-25 17:47:58.506273"], ["id", 1]]
  ↳ app/models/user.rb:42
  [1m[35m (1.2ms)[0m  [1m[36mcommit transaction[0m
  ↳ app/models/user.rb:42
Redirected to http://localhost:3000/users
Completed 302 Found in 189ms (ActiveRecord: 2.5ms)


Started GET "/users" for ::1 at 2021-06-25 13:47:58 -0400
Processing by UsersController#index as HTML
  [1m[36mUser Load (0.2ms)[0m  [1m[34mSELECT  "users".* FROM "users" WHERE "users"."session_token" = ? LIMIT ?[0m  [["session_token", "-fCeGXZSSdB8gzMhfxMBSQ"], ["LIMIT", 1]]
  ↳ app/controllers/application_controller.rb:6
  Rendering users/index.html.erb within layouts/application
  [1m[36mUser Load (0.3ms)[0m  [1m[34mSELECT "users".* FROM "users"[0m
  ↳ app/views/users/index.html.erb:5
  Rendered users/index.html.erb within layouts/application (25.1ms)
Completed 200 OK in 52ms (Views: 48.1ms | ActiveRecord: 0.5ms)


Started DELETE "/session" for ::1 at 2021-06-25 13:48:02 -0400
Processing by SessionsController#destroy as HTML
  Parameters: {"authenticity_token"=>"4SVIoUqes1EAO1aqndHwysN3Vfk7oLXQ8ujFhvu4Xyfpnd20GBOFZiYSQZyxpb43amRS3wuJDjY6QS2ZsVicVw=="}
  [1m[36mUser Load (0.7ms)[0m  [1m[34mSELECT  "users".* FROM "users" WHERE "users"."session_token" = ? LIMIT ?[0m  [["session_token", "-fCeGXZSSdB8gzMhfxMBSQ"], ["LIMIT", 1]]
  ↳ app/controllers/application_controller.rb:6
  [1m[35m (0.1ms)[0m  [1m[36mbegin transaction[0m
  ↳ app/models/user.rb:42
  [1m[36mUser Exists (0.2ms)[0m  [1m[34mSELECT  1 AS one FROM "users" WHERE "users"."username" = ? AND "users"."id" != ? LIMIT ?[0m  [["username", "kevin"], ["id", 1], ["LIMIT", 1]]
  ↳ app/models/user.rb:42
  [1m[36mUser Exists (0.1ms)[0m  [1m[34mSELECT  1 AS one FROM "users" WHERE "users"."session_token" = ? AND "users"."id" != ? LIMIT ?[0m  [["session_token", "APCrMnOLj9wB2X6yIv8YRw"], ["id", 1], ["LIMIT", 1]]
  ↳ app/models/user.rb:42
  [1m[36mUser Update (0.7ms)[0m  [1m[33mUPDATE "users" SET "session_token" = ?, "updated_at" = ? WHERE "users"."id" = ?[0m  [["session_token", "APCrMnOLj9wB2X6yIv8YRw"], ["updated_at", "2021-06-25 17:48:02.595145"], ["id", 1]]
  ↳ app/models/user.rb:42
  [1m[35m (14.2ms)[0m  [1m[36mcommit transaction[0m
  ↳ app/models/user.rb:42
Redirected to http://localhost:3000/session/new
Completed 302 Found in 29ms (ActiveRecord: 16.2ms)


Started GET "/session/new" for ::1 at 2021-06-25 13:48:02 -0400
Processing by SessionsController#new as HTML
  Rendering sessions/new.html.erb within layouts/application
  Rendered sessions/new.html.erb within layouts/application (0.6ms)
Completed 200 OK in 26ms (Views: 24.2ms | ActiveRecord: 0.0ms)


Started POST "/session" for ::1 at 2021-06-25 13:48:06 -0400
Processing by SessionsController#create as HTML
  Parameters: {"authenticity_token"=>"6U4C18w+oY2AOaB4Ab4jrIfS9qTA6IKMaBkkKaluh/fh9pfCnrOXuqYQt04tym1RLsHxgvDBOWqgsMw2445Ehw==", "user"=>{"username"=>"kevin", "password"=>"[FILTERED]"}}
  [1m[36mUser Load (0.2ms)[0m  [1m[34mSELECT  "users".* FROM "users" WHERE "users"."username" = ? LIMIT ?[0m  [["username", "kevin"], ["LIMIT", 1]]
  ↳ app/models/user.rb:21
  Rendering sessions/new.html.erb within layouts/application
  Rendered sessions/new.html.erb within layouts/application (2.9ms)
Completed 500 Internal Server Error in 182ms (ActiveRecord: 0.2ms)



NoMethodError - undefined method `username' for nil:NilClass:
  app/views/sessions/new.html.erb:7:in `_app_views_sessions_new_html_erb__1249473134878269089_69971566713280'
  app/controllers/sessions_controller.rb:17:in `create'

Started POST "/__better_errors/184adf196051c95e/variables" for ::1 at 2021-06-25 13:48:06 -0400
Started POST "/session" for ::1 at 2021-06-25 13:49:43 -0400
Processing by SessionsController#create as HTML
  Parameters: {"authenticity_token"=>"6U4C18w+oY2AOaB4Ab4jrIfS9qTA6IKMaBkkKaluh/fh9pfCnrOXuqYQt04tym1RLsHxgvDBOWqgsMw2445Ehw==", "user"=>{"username"=>"kevin", "password"=>"[FILTERED]"}}
  [1m[36mUser Load (0.2ms)[0m  [1m[34mSELECT  "users".* FROM "users" WHERE "users"."username" = ? LIMIT ?[0m  [["username", "kevin"], ["LIMIT", 1]]
  ↳ app/models/user.rb:21
  Rendering sessions/new.html.erb within layouts/application
  Rendered sessions/new.html.erb within layouts/application (0.5ms)
Completed 200 OK in 206ms (Views: 19.2ms | ActiveRecord: 1.1ms)


  [1m[35m (0.2ms)[0m  [1m[34mSELECT "schema_migrations"."version" FROM "schema_migrations" ORDER BY "schema_migrations"."version" ASC[0m
  ↳ bin/rails:9
  [1m[35m (0.2ms)[0m  [1m[34mSELECT "ar_internal_metadata"."value" FROM "ar_internal_metadata" WHERE "ar_internal_metadata"."key" = ?[0m  [["key", "environment"]]
  ↳ bin/rails:9
  [1m[35m (0.1ms)[0m  [1m[34mSELECT "schema_migrations"."version" FROM "schema_migrations" ORDER BY "schema_migrations"."version" ASC[0m
  ↳ bin/rails:9
  [1m[35m (0.1ms)[0m  [1m[34mSELECT "ar_internal_metadata"."value" FROM "ar_internal_metadata" WHERE "ar_internal_metadata"."key" = ?[0m  [["key", "environment"]]
  ↳ bin/rails:9
  [1m[35m (0.1ms)[0m  [1m[34mSELECT "schema_migrations"."version" FROM "schema_migrations" ORDER BY "schema_migrations"."version" ASC[0m
  ↳ bin/rails:9
  [1m[35m (0.1ms)[0m  [1m[34mSELECT "ar_internal_metadata"."value" FROM "ar_internal_metadata" WHERE "ar_internal_metadata"."key" = ?[0m  [["key", "environment"]]
  ↳ bin/rails:9
  [1m[35m (1.5ms)[0m  [1m[35mDROP TABLE IF EXISTS "users"[0m
  ↳ db/schema.rb:15
  [1m[35m (0.3ms)[0m  [1m[34mSELECT sqlite_version(*)[0m
  ↳ db/schema.rb:15
  [1m[35m (2.6ms)[0m  [1m[35mCREATE TABLE "users" ("id" integer PRIMARY KEY AUTOINCREMENT NOT NULL, "username" varchar NOT NULL, "password_digest" varchar NOT NULL, "session_token" varchar NOT NULL, "created_at" datetime NOT NULL, "updated_at" datetime NOT NULL)[0m
  ↳ db/schema.rb:15
  [1m[35m (3.6ms)[0m  [1m[35mCREATE UNIQUE INDEX "index_users_on_session_token" ON "users" ("session_token")[0m
  ↳ db/schema.rb:15
  [1m[35m (3.7ms)[0m  [1m[35mCREATE UNIQUE INDEX "index_users_on_username" ON "users" ("username")[0m
  ↳ db/schema.rb:15
  [1m[35m (0.1ms)[0m  [1m[34mSELECT "schema_migrations"."version" FROM "schema_migrations" ORDER BY "schema_migrations"."version" ASC[0m
  ↳ db/schema.rb:13
  [1m[36mActiveRecord::InternalMetadata Load (0.1ms)[0m  [1m[34mSELECT  "ar_internal_metadata".* FROM "ar_internal_metadata" WHERE "ar_internal_metadata"."key" = ? LIMIT ?[0m  [["key", "environment"], ["LIMIT", 1]]
  ↳ db/schema.rb:13
  [1m[35m (0.1ms)[0m  [1m[36mbegin transaction[0m
  ↳ db/schema.rb:13
  [1m[35m (0.0ms)[0m  [1m[36mcommit transaction[0m
  ↳ db/schema.rb:13
  [1m[36mActiveRecord::InternalMetadata Load (0.1ms)[0m  [1m[34mSELECT  "ar_internal_metadata".* FROM "ar_internal_metadata" WHERE "ar_internal_metadata"."key" = ? LIMIT ?[0m  [["key", "environment"], ["LIMIT", 1]]
  ↳ bin/rails:9
  [1m[35m (0.0ms)[0m  [1m[36mbegin transaction[0m
  ↳ bin/rails:9
  [1m[35m (0.1ms)[0m  [1m[36mcommit transaction[0m
  ↳ bin/rails:9
  [1m[35m (0.5ms)[0m  [1m[35mDROP TABLE IF EXISTS "users"[0m
  ↳ db/schema.rb:15
  [1m[35m (0.1ms)[0m  [1m[34mSELECT sqlite_version(*)[0m
  ↳ db/schema.rb:15
  [1m[35m (2.7ms)[0m  [1m[35mCREATE TABLE "users" ("id" integer PRIMARY KEY AUTOINCREMENT NOT NULL, "username" varchar NOT NULL, "password_digest" varchar NOT NULL, "session_token" varchar NOT NULL, "created_at" datetime NOT NULL, "updated_at" datetime NOT NULL)[0m
  ↳ db/schema.rb:15
  [1m[35m (1.3ms)[0m  [1m[35mCREATE UNIQUE INDEX "index_users_on_session_token" ON "users" ("session_token")[0m
  ↳ db/schema.rb:15
  [1m[35m (3.2ms)[0m  [1m[35mCREATE UNIQUE INDEX "index_users_on_username" ON "users" ("username")[0m
  ↳ db/schema.rb:15
  [1m[35m (1.2ms)[0m  [1m[35mCREATE TABLE "schema_migrations" ("version" varchar NOT NULL PRIMARY KEY)[0m
  ↳ db/schema.rb:13
  [1m[35m (0.1ms)[0m  [1m[34mSELECT "schema_migrations"."version" FROM "schema_migrations" ORDER BY "schema_migrations"."version" ASC[0m
  ↳ db/schema.rb:13
  [1m[35m (1.3ms)[0m  [1m[32mINSERT INTO "schema_migrations" (version) VALUES (20210625164516)[0m
  ↳ db/schema.rb:13
  [1m[35m (4.2ms)[0m  [1m[35mCREATE TABLE "ar_internal_metadata" ("key" varchar NOT NULL PRIMARY KEY, "value" varchar, "created_at" datetime NOT NULL, "updated_at" datetime NOT NULL)[0m
  ↳ db/schema.rb:13
  [1m[36mActiveRecord::InternalMetadata Load (1.5ms)[0m  [1m[34mSELECT  "ar_internal_metadata".* FROM "ar_internal_metadata" WHERE "ar_internal_metadata"."key" = ? LIMIT ?[0m  [["key", "environment"], ["LIMIT", 1]]
  ↳ db/schema.rb:13
  [1m[35m (0.0ms)[0m  [1m[36mbegin transaction[0m
  ↳ db/schema.rb:13
  [1m[36mActiveRecord::InternalMetadata Create (0.6ms)[0m  [1m[32mINSERT INTO "ar_internal_metadata" ("key", "value", "created_at", "updated_at") VALUES (?, ?, ?, ?)[0m  [["key", "environment"], ["value", "development"], ["created_at", "2021-06-25 18:03:35.646882"], ["updated_at", "2021-06-25 18:03:35.646882"]]
  ↳ db/schema.rb:13
  [1m[35m (1.1ms)[0m  [1m[36mcommit transaction[0m
  ↳ db/schema.rb:13
  [1m[36mActiveRecord::InternalMetadata Load (0.1ms)[0m  [1m[34mSELECT  "ar_internal_metadata".* FROM "ar_internal_metadata" WHERE "ar_internal_metadata"."key" = ? LIMIT ?[0m  [["key", "environment"], ["LIMIT", 1]]
  ↳ bin/rails:9
  [1m[35m (0.0ms)[0m  [1m[36mbegin transaction[0m
  ↳ bin/rails:9
  [1m[36mActiveRecord::InternalMetadata Update (0.5ms)[0m  [1m[33mUPDATE "ar_internal_metadata" SET "value" = ?, "updated_at" = ? WHERE "ar_internal_metadata"."key" = ?[0m  [["value", "test"], ["updated_at", "2021-06-25 18:03:35.651352"], ["key", "environment"]]
  ↳ bin/rails:9
  [1m[35m (0.8ms)[0m  [1m[36mcommit transaction[0m
  ↳ bin/rails:9
  [1m[35m (0.1ms)[0m  [1m[34mSELECT "schema_migrations"."version" FROM "schema_migrations" ORDER BY "schema_migrations"."version" ASC[0m
  ↳ bin/rails:9
  [1m[35m (0.1ms)[0m  [1m[34mSELECT "schema_migrations"."version" FROM "schema_migrations" ORDER BY "schema_migrations"."version" ASC[0m
  ↳ bin/rails:9
  [1m[35m (0.1ms)[0m  [1m[34mSELECT "ar_internal_metadata"."value" FROM "ar_internal_metadata" WHERE "ar_internal_metadata"."key" = ?[0m  [["key", "environment"]]
  ↳ bin/rails:9
  [1m[35m (0.1ms)[0m  [1m[34mSELECT "schema_migrations"."version" FROM "schema_migrations" ORDER BY "schema_migrations"."version" ASC[0m
  ↳ bin/rails:9
  [1m[35m (0.1ms)[0m  [1m[34mSELECT "ar_internal_metadata"."value" FROM "ar_internal_metadata" WHERE "ar_internal_metadata"."key" = ?[0m  [["key", "environment"]]
  ↳ bin/rails:9
  [1m[35m (0.0ms)[0m  [1m[34mSELECT "schema_migrations"."version" FROM "schema_migrations" ORDER BY "schema_migrations"."version" ASC[0m
  ↳ bin/rails:9
  [1m[35m (0.1ms)[0m  [1m[34mSELECT "ar_internal_metadata"."value" FROM "ar_internal_metadata" WHERE "ar_internal_metadata"."key" = ?[0m  [["key", "environment"]]
  ↳ bin/rails:9
  [1m[35m (0.1ms)[0m  [1m[35mDROP TABLE IF EXISTS "users"[0m
  ↳ db/schema.rb:15
  [1m[35m (0.1ms)[0m  [1m[34mSELECT sqlite_version(*)[0m
  ↳ db/schema.rb:15
  [1m[35m (3.3ms)[0m  [1m[35mCREATE TABLE "users" ("id" integer PRIMARY KEY AUTOINCREMENT NOT NULL, "username" varchar NOT NULL, "password_digest" varchar NOT NULL, "session_token" varchar NOT NULL, "created_at" datetime NOT NULL, "updated_at" datetime NOT NULL)[0m
  ↳ db/schema.rb:15
  [1m[35m (1.3ms)[0m  [1m[35mCREATE UNIQUE INDEX "index_users_on_session_token" ON "users" ("session_token")[0m
  ↳ db/schema.rb:15
  [1m[35m (1.2ms)[0m  [1m[35mCREATE UNIQUE INDEX "index_users_on_username" ON "users" ("username")[0m
  ↳ db/schema.rb:15
  [1m[35m (1.6ms)[0m  [1m[35mCREATE TABLE "schema_migrations" ("version" varchar NOT NULL PRIMARY KEY)[0m
  ↳ db/schema.rb:13
  [1m[35m (0.2ms)[0m  [1m[34mSELECT "schema_migrations"."version" FROM "schema_migrations" ORDER BY "schema_migrations"."version" ASC[0m
  ↳ db/schema.rb:13
  [1m[35m (2.1ms)[0m  [1m[32mINSERT INTO "schema_migrations" (version) VALUES (20210625164516)[0m
  ↳ db/schema.rb:13
  [1m[35m (1.5ms)[0m  [1m[35mCREATE TABLE "ar_internal_metadata" ("key" varchar NOT NULL PRIMARY KEY, "value" varchar, "created_at" datetime NOT NULL, "updated_at" datetime NOT NULL)[0m
  ↳ db/schema.rb:13
  [1m[36mActiveRecord::InternalMetadata Load (0.1ms)[0m  [1m[34mSELECT  "ar_internal_metadata".* FROM "ar_internal_metadata" WHERE "ar_internal_metadata"."key" = ? LIMIT ?[0m  [["key", "environment"], ["LIMIT", 1]]
  ↳ db/schema.rb:13
  [1m[35m (0.1ms)[0m  [1m[36mbegin transaction[0m
  ↳ db/schema.rb:13
  [1m[36mActiveRecord::InternalMetadata Create (0.4ms)[0m  [1m[32mINSERT INTO "ar_internal_metadata" ("key", "value", "created_at", "updated_at") VALUES (?, ?, ?, ?)[0m  [["key", "environment"], ["value", "development"], ["created_at", "2021-06-25 18:03:56.248784"], ["updated_at", "2021-06-25 18:03:56.248784"]]
  ↳ db/schema.rb:13
  [1m[35m (1.0ms)[0m  [1m[36mcommit transaction[0m
  ↳ db/schema.rb:13
  [1m[36mActiveRecord::InternalMetadata Load (0.1ms)[0m  [1m[34mSELECT  "ar_internal_metadata".* FROM "ar_internal_metadata" WHERE "ar_internal_metadata"."key" = ? LIMIT ?[0m  [["key", "environment"], ["LIMIT", 1]]
  ↳ bin/rails:9
  [1m[35m (0.0ms)[0m  [1m[36mbegin transaction[0m
  ↳ bin/rails:9
  [1m[35m (0.0ms)[0m  [1m[36mcommit transaction[0m
  ↳ bin/rails:9
  [1m[35m (0.1ms)[0m  [1m[35mDROP TABLE IF EXISTS "users"[0m
  ↳ db/schema.rb:15
  [1m[35m (0.0ms)[0m  [1m[34mSELECT sqlite_version(*)[0m
  ↳ db/schema.rb:15
  [1m[35m (1.4ms)[0m  [1m[35mCREATE TABLE "users" ("id" integer PRIMARY KEY AUTOINCREMENT NOT NULL, "username" varchar NOT NULL, "password_digest" varchar NOT NULL, "session_token" varchar NOT NULL, "created_at" datetime NOT NULL, "updated_at" datetime NOT NULL)[0m
  ↳ db/schema.rb:15
  [1m[35m (1.6ms)[0m  [1m[35mCREATE UNIQUE INDEX "index_users_on_session_token" ON "users" ("session_token")[0m
  ↳ db/schema.rb:15
  [1m[35m (2.0ms)[0m  [1m[35mCREATE UNIQUE INDEX "index_users_on_username" ON "users" ("username")[0m
  ↳ db/schema.rb:15
  [1m[35m (10.3ms)[0m  [1m[35mCREATE TABLE "schema_migrations" ("version" varchar NOT NULL PRIMARY KEY)[0m
  ↳ db/schema.rb:13
  [1m[35m (0.2ms)[0m  [1m[34mSELECT "schema_migrations"."version" FROM "schema_migrations" ORDER BY "schema_migrations"."version" ASC[0m
  ↳ db/schema.rb:13
  [1m[35m (2.8ms)[0m  [1m[32mINSERT INTO "schema_migrations" (version) VALUES (20210625164516)[0m
  ↳ db/schema.rb:13
  [1m[35m (1.4ms)[0m  [1m[35mCREATE TABLE "ar_internal_metadata" ("key" varchar NOT NULL PRIMARY KEY, "value" varchar, "created_at" datetime NOT NULL, "updated_at" datetime NOT NULL)[0m
  ↳ db/schema.rb:13
  [1m[36mActiveRecord::InternalMetadata Load (0.2ms)[0m  [1m[34mSELECT  "ar_internal_metadata".* FROM "ar_internal_metadata" WHERE "ar_internal_metadata"."key" = ? LIMIT ?[0m  [["key", "environment"], ["LIMIT", 1]]
  ↳ db/schema.rb:13
  [1m[35m (0.0ms)[0m  [1m[36mbegin transaction[0m
  ↳ db/schema.rb:13
  [1m[36mActiveRecord::InternalMetadata Create (0.4ms)[0m  [1m[32mINSERT INTO "ar_internal_metadata" ("key", "value", "created_at", "updated_at") VALUES (?, ?, ?, ?)[0m  [["key", "environment"], ["value", "development"], ["created_at", "2021-06-25 18:03:56.294562"], ["updated_at", "2021-06-25 18:03:56.294562"]]
  ↳ db/schema.rb:13
  [1m[35m (1.0ms)[0m  [1m[36mcommit transaction[0m
  ↳ db/schema.rb:13
  [1m[36mActiveRecord::InternalMetadata Load (0.1ms)[0m  [1m[34mSELECT  "ar_internal_metadata".* FROM "ar_internal_metadata" WHERE "ar_internal_metadata"."key" = ? LIMIT ?[0m  [["key", "environment"], ["LIMIT", 1]]
  ↳ bin/rails:9
  [1m[35m (0.0ms)[0m  [1m[36mbegin transaction[0m
  ↳ bin/rails:9
  [1m[36mActiveRecord::InternalMetadata Update (0.3ms)[0m  [1m[33mUPDATE "ar_internal_metadata" SET "value" = ?, "updated_at" = ? WHERE "ar_internal_metadata"."key" = ?[0m  [["value", "test"], ["updated_at", "2021-06-25 18:03:56.297868"], ["key", "environment"]]
  ↳ bin/rails:9
  [1m[35m (1.1ms)[0m  [1m[36mcommit transaction[0m
  ↳ bin/rails:9
  [1m[35m (0.1ms)[0m  [1m[34mSELECT "schema_migrations"."version" FROM "schema_migrations" ORDER BY "schema_migrations"."version" ASC[0m
  ↳ bin/rails:9
  [1m[35m (0.1ms)[0m  [1m[34mSELECT "schema_migrations"."version" FROM "schema_migrations" ORDER BY "schema_migrations"."version" ASC[0m
  ↳ bin/rails:9
Migrating to CreateSubs (20210625180447)
  [1m[35m (0.1ms)[0m  [1m[36mbegin transaction[0m
  ↳ bin/rails:9
  [1m[35m (0.1ms)[0m  [1m[34mSELECT sqlite_version(*)[0m
  ↳ db/migrate/20210625180447_create_subs.rb:3
  [1m[35m (2.2ms)[0m  [1m[35mCREATE TABLE "subs" ("id" integer PRIMARY KEY AUTOINCREMENT NOT NULL, "moderator_id" integer NOT NULL, "title" varchar NOT NULL, "description" varchar NOT NULL, "created_at" datetime NOT NULL, "updated_at" datetime NOT NULL)[0m
  ↳ db/migrate/20210625180447_create_subs.rb:3
  [1m[35m (0.2ms)[0m  [1m[35mCREATE  INDEX "index_subs_on_moderator_id" ON "subs" ("moderator_id")[0m
  ↳ db/migrate/20210625180447_create_subs.rb:10
  [1m[35m (0.1ms)[0m  [1m[35mCREATE UNIQUE INDEX "index_subs_on_title" ON "subs" ("title")[0m
  ↳ db/migrate/20210625180447_create_subs.rb:11
  [1m[36mActiveRecord::SchemaMigration Create (0.1ms)[0m  [1m[32mINSERT INTO "schema_migrations" ("version") VALUES (?)[0m  [["version", "20210625180447"]]
  ↳ bin/rails:9
  [1m[35m (4.1ms)[0m  [1m[36mcommit transaction[0m
  ↳ bin/rails:9
  [1m[36mActiveRecord::InternalMetadata Load (0.2ms)[0m  [1m[34mSELECT  "ar_internal_metadata".* FROM "ar_internal_metadata" WHERE "ar_internal_metadata"."key" = ? LIMIT ?[0m  [["key", "environment"], ["LIMIT", 1]]
  ↳ bin/rails:9
  [1m[35m (0.1ms)[0m  [1m[36mbegin transaction[0m
  ↳ bin/rails:9
  [1m[35m (0.1ms)[0m  [1m[36mcommit transaction[0m
  ↳ bin/rails:9
  [1m[35m (0.2ms)[0m  [1m[34mSELECT "schema_migrations"."version" FROM "schema_migrations" ORDER BY "schema_migrations"."version" ASC[0m
  ↳ bin/rails:9
  [1m[35m (0.6ms)[0m  [1m[34mSELECT "schema_migrations"."version" FROM "schema_migrations" ORDER BY "schema_migrations"."version" ASC[0m
  ↳ /usr/local/bin/annotate:23
Started GET "/" for ::1 at 2021-06-25 12:05:34 -0700
  [1m[35m (0.4ms)[0m  [1m[34mSELECT "schema_migrations"."version" FROM "schema_migrations" ORDER BY "schema_migrations"."version" ASC[0m
  ↳ /Library/Ruby/Gems/2.6.0/gems/activerecord-5.2.6/lib/active_record/log_subscriber.rb:98
Processing by Rails::WelcomeController#index as HTML
  Rendering /Library/Ruby/Gems/2.6.0/gems/railties-5.2.6/lib/rails/templates/rails/welcome/index.html.erb
  Rendered /Library/Ruby/Gems/2.6.0/gems/railties-5.2.6/lib/rails/templates/rails/welcome/index.html.erb (8.7ms)
Completed 200 OK in 43ms (Views: 21.0ms | ActiveRecord: 0.0ms)


Started GET "/users" for ::1 at 2021-06-25 12:05:39 -0700
Processing by UsersController#index as HTML
Redirected to http://localhost:3000/session/new
Filter chain halted as :require_logged_in rendered or redirected
Completed 302 Found in 1ms (ActiveRecord: 0.0ms)


Started GET "/session/new" for ::1 at 2021-06-25 12:05:39 -0700
Processing by SessionsController#new as HTML
  Rendering sessions/new.html.erb within layouts/application
  Rendered sessions/new.html.erb within layouts/application (3.7ms)
Completed 200 OK in 854ms (Views: 795.6ms | ActiveRecord: 1.2ms)


Started GET "/users/new" for ::1 at 2021-06-25 12:06:06 -0700
Processing by UsersController#new as HTML
  Rendering users/new.html.erb within layouts/application
  Rendered users/new.html.erb within layouts/application (0.7ms)
Completed 200 OK in 54ms (Views: 51.8ms | ActiveRecord: 0.0ms)


Started POST "/users" for ::1 at 2021-06-25 12:06:23 -0700
Processing by UsersController#create as HTML
  Parameters: {"authenticity_token"=>"xQTxUDWEnqE67I0M0/w33P/IVj5H4YpdU+iGE8com4jvciqHguffyAGWAe0EhQJ3pbcmKDaXi+8L5+73JQYTuQ==", "user"=>{"username"=>"mngolianbeef", "password"=>"[FILTERED]"}}
  [1m[35m (0.1ms)[0m  [1m[36mbegin transaction[0m
  ↳ app/controllers/users_controller.rb:22
  [1m[36mUser Exists (1.1ms)[0m  [1m[34mSELECT  1 AS one FROM "users" WHERE "users"."username" = ? LIMIT ?[0m  [["username", "mngolianbeef"], ["LIMIT", 1]]
  ↳ app/controllers/users_controller.rb:22
  [1m[36mUser Exists (0.3ms)[0m  [1m[34mSELECT  1 AS one FROM "users" WHERE "users"."session_token" = ? LIMIT ?[0m  [["session_token", "qt_4iTP0QB_0bOjFn1rJew"], ["LIMIT", 1]]
  ↳ app/controllers/users_controller.rb:22
  [1m[36mUser Create (1.2ms)[0m  [1m[32mINSERT INTO "users" ("username", "password_digest", "session_token", "created_at", "updated_at") VALUES (?, ?, ?, ?, ?)[0m  [["username", "mngolianbeef"], ["password_digest", "$2a$12$2wjQPln702B2jqMOKvqs5uxF31sLQaovplNswInAEffIS20gOQs7i"], ["session_token", "qt_4iTP0QB_0bOjFn1rJew"], ["created_at", "2021-06-25 19:06:23.605262"], ["updated_at", "2021-06-25 19:06:23.605262"]]
  ↳ app/controllers/users_controller.rb:22
  [1m[35m (0.7ms)[0m  [1m[36mcommit transaction[0m
  ↳ app/controllers/users_controller.rb:22
  [1m[35m (0.0ms)[0m  [1m[36mbegin transaction[0m
  ↳ app/models/user.rb:46
  [1m[36mUser Exists (0.1ms)[0m  [1m[34mSELECT  1 AS one FROM "users" WHERE "users"."username" = ? AND "users"."id" != ? LIMIT ?[0m  [["username", "mngolianbeef"], ["id", 1], ["LIMIT", 1]]
  ↳ app/models/user.rb:46
  [1m[36mUser Exists (0.1ms)[0m  [1m[34mSELECT  1 AS one FROM "users" WHERE "users"."session_token" = ? AND "users"."id" != ? LIMIT ?[0m  [["session_token", "8hEkW71Am9dOnxwOTvKW8A"], ["id", 1], ["LIMIT", 1]]
  ↳ app/models/user.rb:46
  [1m[36mUser Update (0.3ms)[0m  [1m[33mUPDATE "users" SET "session_token" = ?, "updated_at" = ? WHERE "users"."id" = ?[0m  [["session_token", "8hEkW71Am9dOnxwOTvKW8A"], ["updated_at", "2021-06-25 19:06:23.609819"], ["id", 1]]
  ↳ app/models/user.rb:46
  [1m[35m (0.9ms)[0m  [1m[36mcommit transaction[0m
  ↳ app/models/user.rb:46
Redirected to http://localhost:3000/users
Completed 302 Found in 334ms (ActiveRecord: 5.0ms)


Started GET "/users" for ::1 at 2021-06-25 12:06:23 -0700
Processing by UsersController#index as HTML
  [1m[36mUser Load (0.6ms)[0m  [1m[34mSELECT  "users".* FROM "users" WHERE "users"."session_token" = ? LIMIT ?[0m  [["session_token", "8hEkW71Am9dOnxwOTvKW8A"], ["LIMIT", 1]]
  ↳ app/controllers/application_controller.rb:6
  Rendering users/index.html.erb within layouts/application
  [1m[36mUser Load (0.2ms)[0m  [1m[34mSELECT "users".* FROM "users"[0m
  ↳ app/views/users/index.html.erb:5
  Rendered users/index.html.erb within layouts/application (2.6ms)
Completed 200 OK in 75ms (Views: 66.1ms | ActiveRecord: 0.8ms)


Started GET "/users/1" for ::1 at 2021-06-25 12:06:34 -0700
Processing by UsersController#show as HTML
  Parameters: {"id"=>"1"}
  [1m[36mUser Load (0.2ms)[0m  [1m[34mSELECT  "users".* FROM "users" WHERE "users"."session_token" = ? LIMIT ?[0m  [["session_token", "8hEkW71Am9dOnxwOTvKW8A"], ["LIMIT", 1]]
  ↳ app/controllers/application_controller.rb:6
  [1m[36mUser Load (0.3ms)[0m  [1m[34mSELECT  "users".* FROM "users" WHERE "users"."id" = ? LIMIT ?[0m  [["id", 1], ["LIMIT", 1]]
  ↳ app/controllers/users_controller.rb:10
  Rendering users/show.html.erb within layouts/application
  Rendered users/show.html.erb within layouts/application (0.4ms)
Completed 200 OK in 117ms (Views: 113.5ms | ActiveRecord: 0.4ms)


Started GET "/subs/new" for ::1 at 2021-06-25 12:06:52 -0700
Processing by SubsController#new as HTML
  [1m[36mUser Load (0.4ms)[0m  [1m[34mSELECT  "users".* FROM "users" WHERE "users"."session_token" = ? LIMIT ?[0m  [["session_token", "8hEkW71Am9dOnxwOTvKW8A"], ["LIMIT", 1]]
  ↳ app/controllers/application_controller.rb:6
  Rendering subs/new.html.erb within layouts/application
  Rendered subs/new.html.erb within layouts/application (0.9ms)
Completed 200 OK in 94ms (Views: 46.4ms | ActiveRecord: 1.9ms)


Started DELETE "/session" for ::1 at 2021-06-25 12:07:12 -0700
Processing by SessionsController#destroy as HTML
  Parameters: {"authenticity_token"=>"ai3Z809KfjmUah9XbgHh+FyEkICtzi3FsMkTwjN/BLNAWwIk+Ck/UK8Qk7a5eNRTBvvglty4LHfoxnsm0VGMgg==", "sub"=>{"title"=>"Sub", "description"=>"description"}}
  [1m[36mUser Load (0.2ms)[0m  [1m[34mSELECT  "users".* FROM "users" WHERE "users"."session_token" = ? LIMIT ?[0m  [["session_token", "8hEkW71Am9dOnxwOTvKW8A"], ["LIMIT", 1]]
  ↳ app/controllers/application_controller.rb:6
  [1m[35m (0.1ms)[0m  [1m[36mbegin transaction[0m
  ↳ app/models/user.rb:46
  [1m[36mUser Exists (0.2ms)[0m  [1m[34mSELECT  1 AS one FROM "users" WHERE "users"."username" = ? AND "users"."id" != ? LIMIT ?[0m  [["username", "mngolianbeef"], ["id", 1], ["LIMIT", 1]]
  ↳ app/models/user.rb:46
  [1m[36mUser Exists (0.7ms)[0m  [1m[34mSELECT  1 AS one FROM "users" WHERE "users"."session_token" = ? AND "users"."id" != ? LIMIT ?[0m  [["session_token", "dhRc3RRZ1gKNOlVI5isf2g"], ["id", 1], ["LIMIT", 1]]
  ↳ app/models/user.rb:46
  [1m[36mUser Update (1.5ms)[0m  [1m[33mUPDATE "users" SET "session_token" = ?, "updated_at" = ? WHERE "users"."id" = ?[0m  [["session_token", "dhRc3RRZ1gKNOlVI5isf2g"], ["updated_at", "2021-06-25 19:07:12.278376"], ["id", 1]]
  ↳ app/models/user.rb:46
  [1m[35m (2.3ms)[0m  [1m[36mcommit transaction[0m
  ↳ app/models/user.rb:46
Redirected to http://localhost:3000/session/new
Completed 302 Found in 13ms (ActiveRecord: 4.9ms)


Started GET "/session/new" for ::1 at 2021-06-25 12:07:12 -0700
Processing by SessionsController#new as HTML
  Rendering sessions/new.html.erb within layouts/application
  Rendered sessions/new.html.erb within layouts/application (2.2ms)
Completed 200 OK in 56ms (Views: 55.4ms | ActiveRecord: 0.0ms)


Started POST "/session" for ::1 at 2021-06-25 12:07:22 -0700
Processing by SessionsController#create as HTML
  Parameters: {"authenticity_token"=>"N+hbKGXBQDQBdKWHOfyEwSF5axiInnQM7+H2qV3a+fwdnoD/0qIBXToOKWbuhbFqewYbDvnodb637p5Nv/RxzQ==", "user"=>{"username"=>"mngolianbeef", "password"=>"[FILTERED]"}}
  [1m[36mUser Load (1.3ms)[0m  [1m[34mSELECT  "users".* FROM "users" WHERE "users"."username" = ? LIMIT ?[0m  [["username", "mngolianbeef"], ["LIMIT", 1]]
  ↳ app/models/user.rb:25
  [1m[35m (0.1ms)[0m  [1m[36mbegin transaction[0m
  ↳ app/models/user.rb:46
  [1m[36mUser Exists (0.1ms)[0m  [1m[34mSELECT  1 AS one FROM "users" WHERE "users"."username" = ? AND "users"."id" != ? LIMIT ?[0m  [["username", "mngolianbeef"], ["id", 1], ["LIMIT", 1]]
  ↳ app/models/user.rb:46
  [1m[36mUser Exists (0.1ms)[0m  [1m[34mSELECT  1 AS one FROM "users" WHERE "users"."session_token" = ? AND "users"."id" != ? LIMIT ?[0m  [["session_token", "oXiGhiimWVaHBms8Rfi11A"], ["id", 1], ["LIMIT", 1]]
  ↳ app/models/user.rb:46
  [1m[36mUser Update (5.6ms)[0m  [1m[33mUPDATE "users" SET "session_token" = ?, "updated_at" = ? WHERE "users"."id" = ?[0m  [["session_token", "oXiGhiimWVaHBms8Rfi11A"], ["updated_at", "2021-06-25 19:07:23.221706"], ["id", 1]]
  ↳ app/models/user.rb:46
  [1m[35m (4.2ms)[0m  [1m[36mcommit transaction[0m
  ↳ app/models/user.rb:46
Redirected to http://localhost:3000/users
Completed 302 Found in 302ms (ActiveRecord: 11.3ms)


Started GET "/users" for ::1 at 2021-06-25 12:07:23 -0700
Processing by UsersController#index as HTML
  [1m[36mUser Load (0.5ms)[0m  [1m[34mSELECT  "users".* FROM "users" WHERE "users"."session_token" = ? LIMIT ?[0m  [["session_token", "oXiGhiimWVaHBms8Rfi11A"], ["LIMIT", 1]]
  ↳ app/controllers/application_controller.rb:6
  Rendering users/index.html.erb within layouts/application
  [1m[36mUser Load (0.1ms)[0m  [1m[34mSELECT "users".* FROM "users"[0m
  ↳ app/views/users/index.html.erb:5
  Rendered users/index.html.erb within layouts/application (1.1ms)
Completed 200 OK in 98ms (Views: 93.3ms | ActiveRecord: 0.6ms)


Started GET "/users/1" for ::1 at 2021-06-25 12:07:26 -0700
Processing by UsersController#show as HTML
  Parameters: {"id"=>"1"}
  [1m[36mUser Load (0.3ms)[0m  [1m[34mSELECT  "users".* FROM "users" WHERE "users"."session_token" = ? LIMIT ?[0m  [["session_token", "oXiGhiimWVaHBms8Rfi11A"], ["LIMIT", 1]]
  ↳ app/controllers/application_controller.rb:6
  [1m[36mUser Load (0.1ms)[0m  [1m[34mSELECT  "users".* FROM "users" WHERE "users"."id" = ? LIMIT ?[0m  [["id", 1], ["LIMIT", 1]]
  ↳ app/controllers/users_controller.rb:10
  Rendering users/show.html.erb within layouts/application
  Rendered users/show.html.erb within layouts/application (0.5ms)
Completed 200 OK in 107ms (Views: 104.2ms | ActiveRecord: 0.4ms)


Started GET "/subs/new" for ::1 at 2021-06-25 12:07:41 -0700
Processing by SubsController#new as HTML
  [1m[36mUser Load (0.2ms)[0m  [1m[34mSELECT  "users".* FROM "users" WHERE "users"."session_token" = ? LIMIT ?[0m  [["session_token", "oXiGhiimWVaHBms8Rfi11A"], ["LIMIT", 1]]
  ↳ app/controllers/application_controller.rb:6
  Rendering subs/new.html.erb within layouts/application
  Rendered subs/new.html.erb within layouts/application (1.2ms)
Completed 200 OK in 57ms (Views: 54.5ms | ActiveRecord: 0.2ms)


Started GET "/subs/new" for ::1 at 2021-06-25 12:09:50 -0700
Processing by SubsController#new as HTML
  [1m[36mUser Load (0.3ms)[0m  [1m[34mSELECT  "users".* FROM "users" WHERE "users"."session_token" = ? LIMIT ?[0m  [["session_token", "oXiGhiimWVaHBms8Rfi11A"], ["LIMIT", 1]]
  ↳ app/controllers/application_controller.rb:6
  Rendering subs/new.html.erb within layouts/application
  Rendered subs/new.html.erb within layouts/application (1.0ms)
Completed 200 OK in 73ms (Views: 70.1ms | ActiveRecord: 0.3ms)


Started GET "/subs/new" for ::1 at 2021-06-25 12:09:56 -0700
Processing by SubsController#new as HTML
  [1m[36mUser Load (0.1ms)[0m  [1m[34mSELECT  "users".* FROM "users" WHERE "users"."session_token" = ? LIMIT ?[0m  [["session_token", "oXiGhiimWVaHBms8Rfi11A"], ["LIMIT", 1]]
  ↳ app/controllers/application_controller.rb:6
  Rendering subs/new.html.erb within layouts/application
  Rendered subs/new.html.erb within layouts/application (0.9ms)
Completed 200 OK in 44ms (Views: 43.3ms | ActiveRecord: 0.1ms)


Started DELETE "/session" for ::1 at 2021-06-25 12:10:12 -0700
Processing by SessionsController#destroy as HTML
  Parameters: {"authenticity_token"=>"2K6iqpMAdz5MTOR6ynzUxklr87Sj/d6XFEEdvJVlhgHy2Hl9JGM2V3c2aJsdBeFtExSDotKL3yVMTnVYd0sOMA==", "sub"=>{"title"=>"", "description"=>""}}
  [1m[36mUser Load (0.2ms)[0m  [1m[34mSELECT  "users".* FROM "users" WHERE "users"."session_token" = ? LIMIT ?[0m  [["session_token", "oXiGhiimWVaHBms8Rfi11A"], ["LIMIT", 1]]
  ↳ app/controllers/application_controller.rb:6
  [1m[35m (0.1ms)[0m  [1m[36mbegin transaction[0m
  ↳ app/models/user.rb:46
  [1m[36mUser Exists (0.3ms)[0m  [1m[34mSELECT  1 AS one FROM "users" WHERE "users"."username" = ? AND "users"."id" != ? LIMIT ?[0m  [["username", "mngolianbeef"], ["id", 1], ["LIMIT", 1]]
  ↳ app/models/user.rb:46
  [1m[36mUser Exists (0.1ms)[0m  [1m[34mSELECT  1 AS one FROM "users" WHERE "users"."session_token" = ? AND "users"."id" != ? LIMIT ?[0m  [["session_token", "t4fLweoVMypZZnkHAahJUQ"], ["id", 1], ["LIMIT", 1]]
  ↳ app/models/user.rb:46
  [1m[36mUser Update (0.6ms)[0m  [1m[33mUPDATE "users" SET "session_token" = ?, "updated_at" = ? WHERE "users"."id" = ?[0m  [["session_token", "t4fLweoVMypZZnkHAahJUQ"], ["updated_at", "2021-06-25 19:10:12.800161"], ["id", 1]]
  ↳ app/models/user.rb:46
  [1m[35m (7.6ms)[0m  [1m[36mcommit transaction[0m
  ↳ app/models/user.rb:46
Redirected to http://localhost:3000/session/new
Completed 302 Found in 16ms (ActiveRecord: 8.9ms)


Started GET "/session/new" for ::1 at 2021-06-25 12:10:12 -0700
Processing by SessionsController#new as HTML
  Rendering sessions/new.html.erb within layouts/application
  Rendered sessions/new.html.erb within layouts/application (3.3ms)
Completed 200 OK in 54ms (Views: 53.1ms | ActiveRecord: 0.0ms)


Started DELETE "/session" for ::1 at 2021-06-25 12:10:34 -0700
Processing by SessionsController#destroy as HTML
  Parameters: {"authenticity_token"=>"2K6iqpMAdz5MTOR6ynzUxklr87Sj/d6XFEEdvJVlhgHy2Hl9JGM2V3c2aJsdBeFtExSDotKL3yVMTnVYd0sOMA==", "sub"=>{"title"=>"smurfing", "description"=>"smurfing in radiant lobbies?"}}
Redirected to http://localhost:3000/session/new
Filter chain halted as :require_logged_in rendered or redirected
Completed 302 Found in 1ms (ActiveRecord: 0.0ms)


Started GET "/session/new" for ::1 at 2021-06-25 12:10:34 -0700
Processing by SessionsController#new as HTML
  Rendering sessions/new.html.erb within layouts/application
  Rendered sessions/new.html.erb within layouts/application (0.8ms)
Completed 200 OK in 53ms (Views: 52.0ms | ActiveRecord: 0.0ms)


Started GET "/subs/new" for ::1 at 2021-06-25 12:11:33 -0700
Processing by SubsController#new as HTML
Redirected to http://localhost:3000/session/new
Filter chain halted as :require_logged_in rendered or redirected
Completed 302 Found in 0ms (ActiveRecord: 0.0ms)


Started GET "/session/new" for ::1 at 2021-06-25 12:11:33 -0700
Processing by SessionsController#new as HTML
  Rendering sessions/new.html.erb within layouts/application
  Rendered sessions/new.html.erb within layouts/application (3.8ms)
Completed 200 OK in 79ms (Views: 77.8ms | ActiveRecord: 0.0ms)


Started POST "/session" for ::1 at 2021-06-25 12:11:40 -0700
Processing by SessionsController#create as HTML
  Parameters: {"authenticity_token"=>"/Pxtioe58DMFRiBCNwnHhRDq0RpWX/PMv2YnRAMuRJrWirZdMNqxWj48rKPgcPIuSpWhDCcp8n7naU+g4QDMqw==", "user"=>{"username"=>"mngolianbeef", "password"=>"[FILTERED]"}}
  [1m[36mUser Load (0.2ms)[0m  [1m[34mSELECT  "users".* FROM "users" WHERE "users"."username" = ? LIMIT ?[0m  [["username", "mngolianbeef"], ["LIMIT", 1]]
  ↳ app/models/user.rb:25
  [1m[35m (0.1ms)[0m  [1m[36mbegin transaction[0m
  ↳ app/models/user.rb:46
  [1m[36mUser Exists (0.2ms)[0m  [1m[34mSELECT  1 AS one FROM "users" WHERE "users"."username" = ? AND "users"."id" != ? LIMIT ?[0m  [["username", "mngolianbeef"], ["id", 1], ["LIMIT", 1]]
  ↳ app/models/user.rb:46
  [1m[36mUser Exists (0.1ms)[0m  [1m[34mSELECT  1 AS one FROM "users" WHERE "users"."session_token" = ? AND "users"."id" != ? LIMIT ?[0m  [["session_token", "VyBWhvfQvQOoW2Vo1GM7-Q"], ["id", 1], ["LIMIT", 1]]
  ↳ app/models/user.rb:46
  [1m[36mUser Update (0.6ms)[0m  [1m[33mUPDATE "users" SET "session_token" = ?, "updated_at" = ? WHERE "users"."id" = ?[0m  [["session_token", "VyBWhvfQvQOoW2Vo1GM7-Q"], ["updated_at", "2021-06-25 19:11:40.960229"], ["id", 1]]
  ↳ app/models/user.rb:46
  [1m[35m (11.3ms)[0m  [1m[36mcommit transaction[0m
  ↳ app/models/user.rb:46
Redirected to http://localhost:3000/users
Completed 302 Found in 372ms (ActiveRecord: 12.5ms)


Started GET "/users" for ::1 at 2021-06-25 12:11:40 -0700
Processing by UsersController#index as HTML
  [1m[36mUser Load (0.3ms)[0m  [1m[34mSELECT  "users".* FROM "users" WHERE "users"."session_token" = ? LIMIT ?[0m  [["session_token", "VyBWhvfQvQOoW2Vo1GM7-Q"], ["LIMIT", 1]]
  ↳ app/controllers/application_controller.rb:6
  Rendering users/index.html.erb within layouts/application
  [1m[36mUser Load (0.6ms)[0m  [1m[34mSELECT "users".* FROM "users"[0m
  ↳ app/views/users/index.html.erb:5
  Rendered users/index.html.erb within layouts/application (4.7ms)
Completed 200 OK in 82ms (Views: 77.6ms | ActiveRecord: 0.9ms)


Started GET "/subs/new" for ::1 at 2021-06-25 12:11:53 -0700
Processing by SubsController#new as HTML
  [1m[36mUser Load (0.9ms)[0m  [1m[34mSELECT  "users".* FROM "users" WHERE "users"."session_token" = ? LIMIT ?[0m  [["session_token", "VyBWhvfQvQOoW2Vo1GM7-Q"], ["LIMIT", 1]]
  ↳ app/controllers/application_controller.rb:6
  Rendering subs/new.html.erb within layouts/application
  Rendered subs/new.html.erb within layouts/application (1.3ms)
Completed 200 OK in 49ms (Views: 45.9ms | ActiveRecord: 0.9ms)


Started DELETE "/session" for ::1 at 2021-06-25 12:13:27 -0700
Processing by SessionsController#destroy as HTML
  Parameters: {"authenticity_token"=>"jMYjBsxxVkRgducJvtwpJjFrlg1DEve+AH1DBfChg/2msPjRexIXLVsMa+hppRyNaxTmGzJk9gxYcivhEo8LzA==", "sub"=>{"title"=>"smurfing", "description"=>"daffadrtegdsgs"}}
  [1m[36mUser Load (0.1ms)[0m  [1m[34mSELECT  "users".* FROM "users" WHERE "users"."session_token" = ? LIMIT ?[0m  [["session_token", "VyBWhvfQvQOoW2Vo1GM7-Q"], ["LIMIT", 1]]
  ↳ app/controllers/application_controller.rb:6
  [1m[35m (0.1ms)[0m  [1m[36mbegin transaction[0m
  ↳ app/models/user.rb:46
  [1m[36mUser Exists (0.2ms)[0m  [1m[34mSELECT  1 AS one FROM "users" WHERE "users"."username" = ? AND "users"."id" != ? LIMIT ?[0m  [["username", "mngolianbeef"], ["id", 1], ["LIMIT", 1]]
  ↳ app/models/user.rb:46
  [1m[36mUser Exists (0.1ms)[0m  [1m[34mSELECT  1 AS one FROM "users" WHERE "users"."session_token" = ? AND "users"."id" != ? LIMIT ?[0m  [["session_token", "E6RKQVs1po7Ftteetoc6oQ"], ["id", 1], ["LIMIT", 1]]
  ↳ app/models/user.rb:46
  [1m[36mUser Update (0.6ms)[0m  [1m[33mUPDATE "users" SET "session_token" = ?, "updated_at" = ? WHERE "users"."id" = ?[0m  [["session_token", "E6RKQVs1po7Ftteetoc6oQ"], ["updated_at", "2021-06-25 19:13:27.948281"], ["id", 1]]
  ↳ app/models/user.rb:46
  [1m[35m (1.8ms)[0m  [1m[36mcommit transaction[0m
  ↳ app/models/user.rb:46
Redirected to http://localhost:3000/session/new
Completed 302 Found in 28ms (ActiveRecord: 3.4ms)


Started GET "/session/new" for ::1 at 2021-06-25 12:13:27 -0700
Processing by SessionsController#new as HTML
  Rendering sessions/new.html.erb within layouts/application
  Rendered sessions/new.html.erb within layouts/application (3.2ms)
Completed 200 OK in 180ms (Views: 179.1ms | ActiveRecord: 0.0ms)


Started DELETE "/session" for ::1 at 2021-06-25 12:15:55 -0700
Processing by SessionsController#destroy as HTML
  Parameters: {"authenticity_token"=>"jMYjBsxxVkRgducJvtwpJjFrlg1DEve+AH1DBfChg/2msPjRexIXLVsMa+hppRyNaxTmGzJk9gxYcivhEo8LzA==", "sub"=>{"title"=>"smurfing", "description"=>"daffadrtegdsgs"}}
Started DELETE "/session" for ::1 at 2021-06-25 12:19:01 -0700
  [1m[35m (1.0ms)[0m  [1m[34mSELECT "schema_migrations"."version" FROM "schema_migrations" ORDER BY "schema_migrations"."version" ASC[0m
  ↳ /Library/Ruby/Gems/2.6.0/gems/activerecord-5.2.6/lib/active_record/log_subscriber.rb:98
Processing by SessionsController#destroy as HTML
  Parameters: {"authenticity_token"=>"jMYjBsxxVkRgducJvtwpJjFrlg1DEve+AH1DBfChg/2msPjRexIXLVsMa+hppRyNaxTmGzJk9gxYcivhEo8LzA==", "sub"=>{"title"=>"smurfing", "description"=>"daffadrtegdsgs"}}
Started GET "/session/new" for ::1 at 2021-06-25 12:19:26 -0700
  [1m[35m (0.3ms)[0m  [1m[34mSELECT "schema_migrations"."version" FROM "schema_migrations" ORDER BY "schema_migrations"."version" ASC[0m
  ↳ /Library/Ruby/Gems/2.6.0/gems/activerecord-5.2.6/lib/active_record/log_subscriber.rb:98
Processing by SessionsController#new as HTML
  Rendering sessions/new.html.erb within layouts/application
  Rendered sessions/new.html.erb within layouts/application (2.1ms)
Completed 200 OK in 607ms (Views: 559.8ms | ActiveRecord: 0.9ms)


Started POST "/session" for ::1 at 2021-06-25 12:19:37 -0700
Processing by SessionsController#create as HTML
  Parameters: {"authenticity_token"=>"NrbOz7dQx2zGZA7JNQldU53FV8JodWivG9q8tWaWI/ccwBUYADOGBf0egijicGj4x7on1BkDaR1D1dRRhLirxg==", "user"=>{"username"=>"mngolianbeef", "password"=>"[FILTERED]"}}
  [1m[36mUser Load (0.3ms)[0m  [1m[34mSELECT  "users".* FROM "users" WHERE "users"."username" = ? LIMIT ?[0m  [["username", "mngolianbeef"], ["LIMIT", 1]]
  ↳ app/models/user.rb:25
  Rendering sessions/new.html.erb within layouts/application
  Rendered sessions/new.html.erb within layouts/application (0.6ms)
Completed 200 OK in 381ms (Views: 30.4ms | ActiveRecord: 0.3ms)


Started POST "/session" for ::1 at 2021-06-25 12:19:42 -0700
Processing by SessionsController#create as HTML
  Parameters: {"authenticity_token"=>"4sz5ZnLLMt5pEJs8SHi+2MLyBTpJz/1av9AQE5KI4ebIuiKxxahzt1JqF92fAYtzmI11LDi5/Ojn33j3cKZp1w==", "user"=>{"username"=>"mngolianbeef", "password"=>"[FILTERED]"}}
  [1m[36mUser Load (0.1ms)[0m  [1m[34mSELECT  "users".* FROM "users" WHERE "users"."username" = ? LIMIT ?[0m  [["username", "mngolianbeef"], ["LIMIT", 1]]
  ↳ app/models/user.rb:25
  [1m[35m (0.1ms)[0m  [1m[36mbegin transaction[0m
  ↳ app/models/user.rb:46
  [1m[36mUser Exists (0.3ms)[0m  [1m[34mSELECT  1 AS one FROM "users" WHERE "users"."username" = ? AND "users"."id" != ? LIMIT ?[0m  [["username", "mngolianbeef"], ["id", 1], ["LIMIT", 1]]
  ↳ app/models/user.rb:46
  [1m[36mUser Exists (0.2ms)[0m  [1m[34mSELECT  1 AS one FROM "users" WHERE "users"."session_token" = ? AND "users"."id" != ? LIMIT ?[0m  [["session_token", "ZLC1bo2Hrze5xyljMsyXnA"], ["id", 1], ["LIMIT", 1]]
  ↳ app/models/user.rb:46
  [1m[36mUser Update (0.8ms)[0m  [1m[33mUPDATE "users" SET "session_token" = ?, "updated_at" = ? WHERE "users"."id" = ?[0m  [["session_token", "ZLC1bo2Hrze5xyljMsyXnA"], ["updated_at", "2021-06-25 19:19:43.183450"], ["id", 1]]
  ↳ app/models/user.rb:46
  [1m[35m (2.8ms)[0m  [1m[36mcommit transaction[0m
  ↳ app/models/user.rb:46
Redirected to http://localhost:3000/users
Completed 302 Found in 340ms (ActiveRecord: 4.2ms)


Started GET "/users" for ::1 at 2021-06-25 12:19:43 -0700
Processing by UsersController#index as HTML
  [1m[36mUser Load (0.3ms)[0m  [1m[34mSELECT  "users".* FROM "users" WHERE "users"."session_token" = ? LIMIT ?[0m  [["session_token", "ZLC1bo2Hrze5xyljMsyXnA"], ["LIMIT", 1]]
  ↳ app/controllers/application_controller.rb:6
  Rendering users/index.html.erb within layouts/application
  [1m[36mUser Load (0.3ms)[0m  [1m[34mSELECT "users".* FROM "users"[0m
  ↳ app/views/users/index.html.erb:5
  Rendered users/index.html.erb within layouts/application (3.1ms)
Completed 200 OK in 66ms (Views: 62.3ms | ActiveRecord: 0.6ms)


Started GET "/users/1" for ::1 at 2021-06-25 12:19:46 -0700
Processing by UsersController#show as HTML
  Parameters: {"id"=>"1"}
  [1m[36mUser Load (0.1ms)[0m  [1m[34mSELECT  "users".* FROM "users" WHERE "users"."session_token" = ? LIMIT ?[0m  [["session_token", "ZLC1bo2Hrze5xyljMsyXnA"], ["LIMIT", 1]]
  ↳ app/controllers/application_controller.rb:6
  [1m[36mUser Load (0.2ms)[0m  [1m[34mSELECT  "users".* FROM "users" WHERE "users"."id" = ? LIMIT ?[0m  [["id", 1], ["LIMIT", 1]]
  ↳ app/controllers/users_controller.rb:10
  Rendering users/show.html.erb within layouts/application
  Rendered users/show.html.erb within layouts/application (0.5ms)
Completed 200 OK in 139ms (Views: 136.3ms | ActiveRecord: 0.3ms)


Started GET "/subs/new" for ::1 at 2021-06-25 12:19:51 -0700
Processing by SubsController#new as HTML
  [1m[36mUser Load (0.1ms)[0m  [1m[34mSELECT  "users".* FROM "users" WHERE "users"."session_token" = ? LIMIT ?[0m  [["session_token", "ZLC1bo2Hrze5xyljMsyXnA"], ["LIMIT", 1]]
  ↳ app/controllers/application_controller.rb:6
  Rendering subs/new.html.erb within layouts/application
  Rendered subs/new.html.erb within layouts/application (1.2ms)
Completed 200 OK in 92ms (Views: 71.1ms | ActiveRecord: 1.0ms)


Started DELETE "/session" for ::1 at 2021-06-25 12:20:04 -0700
Processing by SessionsController#destroy as HTML
  Parameters: {"authenticity_token"=>"ytfsngY1ixo2G7hcji7CBk96PP/8WMyf01UE3T4i+UbgoTdJsVbKcw1hNL1ZV/etFQVM6Y0uzS2LWmw53Axxdw==", "sub"=>{"title"=>"smurfing", "description"=>"smurfing in radiant lobbies?"}}
  [1m[36mUser Load (0.8ms)[0m  [1m[34mSELECT  "users".* FROM "users" WHERE "users"."session_token" = ? LIMIT ?[0m  [["session_token", "ZLC1bo2Hrze5xyljMsyXnA"], ["LIMIT", 1]]
  ↳ app/controllers/application_controller.rb:6
  [1m[35m (0.1ms)[0m  [1m[36mbegin transaction[0m
  ↳ app/models/user.rb:46
  [1m[36mUser Exists (0.2ms)[0m  [1m[34mSELECT  1 AS one FROM "users" WHERE "users"."username" = ? AND "users"."id" != ? LIMIT ?[0m  [["username", "mngolianbeef"], ["id", 1], ["LIMIT", 1]]
  ↳ app/models/user.rb:46
  [1m[36mUser Exists (0.1ms)[0m  [1m[34mSELECT  1 AS one FROM "users" WHERE "users"."session_token" = ? AND "users"."id" != ? LIMIT ?[0m  [["session_token", "I3bN5N2Ww3R-MivwbfMl8g"], ["id", 1], ["LIMIT", 1]]
  ↳ app/models/user.rb:46
  [1m[36mUser Update (0.5ms)[0m  [1m[33mUPDATE "users" SET "session_token" = ?, "updated_at" = ? WHERE "users"."id" = ?[0m  [["session_token", "I3bN5N2Ww3R-MivwbfMl8g"], ["updated_at", "2021-06-25 19:20:04.816373"], ["id", 1]]
  ↳ app/models/user.rb:46
  [1m[35m (0.9ms)[0m  [1m[36mcommit transaction[0m
  ↳ app/models/user.rb:46
Redirected to http://localhost:3000/session/new
Completed 302 Found in 10ms (ActiveRecord: 2.5ms)


Started GET "/session/new" for ::1 at 2021-06-25 12:20:04 -0700
Processing by SessionsController#new as HTML
  Rendering sessions/new.html.erb within layouts/application
  Rendered sessions/new.html.erb within layouts/application (1.5ms)
Completed 200 OK in 43ms (Views: 41.8ms | ActiveRecord: 0.0ms)


